0 info it worked if it ends with ok
1 verbose cli [ '/home/sofhouse/.nvm/versions/node/v6.9.0/bin/node',
1 verbose cli   '/home/sofhouse/.nvm/versions/node/v6.9.0/bin/npm',
1 verbose cli   'run',
1 verbose cli   'serve' ]
2 info using npm@3.10.8
3 info using node@v6.9.0
4 verbose run-script [ 'preserve', 'serve', 'postserve' ]
5 info lifecycle demo@0.1.0~preserve: demo@0.1.0
6 silly lifecycle demo@0.1.0~preserve: no script for preserve, continuing
7 info lifecycle demo@0.1.0~serve: demo@0.1.0
8 verbose lifecycle demo@0.1.0~serve: unsafe-perm in lifecycle true
9 verbose lifecycle demo@0.1.0~serve: PATH: /home/sofhouse/.nvm/versions/node/v6.9.0/lib/node_modules/npm/bin/node-gyp-bin:/home/sofhouse/Documentos/test_vue_cli/demo/node_modules/.bin:/home/sofhouse/go/bin:/usr/local/go/bin:/home/sofhouse/.nvm/versions/node/v6.9.0/bin:/home/sofhouse/go/bin:/usr/local/go/bin:/usr/local/sbin:/usr/local/bin:/usr/sbin:/usr/bin:/sbin:/bin:/usr/games:/usr/local/games:/snap/bin:/usr/lib/jvm/java-8-oracle/bin:/usr/lib/jvm/java-8-oracle/db/bin:/usr/lib/jvm/java-8-oracle/jre/bin:/usr/lib/jvm/java-8-oracle/bin:/usr/lib/jvm/java-8-oracle/db/bin:/usr/lib/jvm/java-8-oracle/jre/bin
10 verbose lifecycle demo@0.1.0~serve: CWD: /home/sofhouse/Documentos/test_vue_cli/demo
11 silly lifecycle demo@0.1.0~serve: Args: [ '-c', 'vue-cli-service serve' ]
12 silly lifecycle demo@0.1.0~serve: Returned: code: 1  signal: null
13 info lifecycle demo@0.1.0~serve: Failed to exec serve script
14 verbose stack Error: demo@0.1.0 serve: `vue-cli-service serve`
14 verbose stack Exit status 1
14 verbose stack     at EventEmitter.<anonymous> (/home/sofhouse/.nvm/versions/node/v6.9.0/lib/node_modules/npm/lib/utils/lifecycle.js:255:16)
14 verbose stack     at emitTwo (events.js:106:13)
14 verbose stack     at EventEmitter.emit (events.js:191:7)
14 verbose stack     at ChildProcess.<anonymous> (/home/sofhouse/.nvm/versions/node/v6.9.0/lib/node_modules/npm/lib/utils/spawn.js:40:14)
14 verbose stack     at emitTwo (events.js:106:13)
14 verbose stack     at ChildProcess.emit (events.js:191:7)
14 verbose stack     at maybeClose (internal/child_process.js:877:16)
14 verbose stack     at Process.ChildProcess._handle.onexit (internal/child_process.js:226:5)
15 verbose pkgid demo@0.1.0
16 verbose cwd /home/sofhouse/Documentos/test_vue_cli/demo
17 error Linux 4.4.0-98-generic
18 error argv "/home/sofhouse/.nvm/versions/node/v6.9.0/bin/node" "/home/sofhouse/.nvm/versions/node/v6.9.0/bin/npm" "run" "serve"
19 error node v6.9.0
20 error npm  v3.10.8
21 error code ELIFECYCLE
22 error demo@0.1.0 serve: `vue-cli-service serve`
22 error Exit status 1
23 error Failed at the demo@0.1.0 serve script 'vue-cli-service serve'.
23 error Make sure you have the latest version of node.js and npm installed.
23 error If you do, this is most likely a problem with the demo package,
23 error not with npm itself.
23 error Tell the author that this fails on your system:
23 error     vue-cli-service serve
23 error You can get information on how to open an issue for this project with:
23 error     npm bugs demo
23 error Or if that isn't available, you can get their info via:
23 error     npm owner ls demo
23 error There is likely additional logging output above.
24 verbose exit [ 1, true ]
